<?xml version="1.0" encoding="UTF-8"?>
<Site BuildName="Linux-g++"
	BuildStamp="20240127-1633-Experimental"
	Name="beckygrey"
	Generator="ctest-3.22.1"
	CompilerName="/usr/bin/g++"
	CompilerVersion="11.4.0"
	OSName="Linux"
	Hostname="beckygrey"
	OSRelease="6.2.0-35-generic"
	OSVersion="#35~22.04.1-Ubuntu SMP PREEMPT_DYNAMIC Fri Oct  6 10:23:26 UTC 2"
	OSPlatform="x86_64"
	Is64Bits="1"
	VendorString="GenuineIntel"
	VendorID="Intel Corporation"
	FamilyID="6"
	ModelID="142"
	ProcessorCacheSize="4096"
	NumberOfLogicalCPU="4"
	NumberOfPhysicalCPU="2"
	TotalVirtualMemory="7812"
	TotalPhysicalMemory="7695"
	LogicalProcessorsPerPhysical="2"
	ProcessorClockFrequency="3700.08"
	>
	<Testing>
		<StartDateTime>Jan 27 22:03 IST</StartDateTime>
		<StartTestTime>1706373224</StartTestTime>
		<TestList/>
		<EndDateTime>Jan 27 22:03 IST</EndDateTime>
		<EndTestTime>1706373224</EndTestTime>
		<ElapsedMinutes>0</ElapsedMinutes>
	</Testing>
</Site>
